<?xml version="1.0" encoding="UTF-8"?>
<testng-results skipped="0" failed="0" ignored="0" total="1" passed="1">
  <reporter-output>
  </reporter-output>
  <suite name="Suite" duration-ms="58679" started-at="2020-08-22T10:18:56Z" finished-at="2020-08-22T10:19:55Z">
    <groups>
    </groups>
    <test name="Test" duration-ms="58679" started-at="2020-08-22T10:18:56Z" finished-at="2020-08-22T10:19:55Z">
      <class name="tests.TestActitimeLogin">
        <test-method status="PASS" signature="openapp()[pri:0, instance:tests.TestActitimeLogin@7cbd213e]" name="openapp" is-config="true" duration-ms="40430" started-at="2020-08-22T10:18:56Z" finished-at="2020-08-22T10:19:37Z">
          <reporter-output>
          </reporter-output>
        </test-method> <!-- openapp -->
        <test-method status="PASS" signature="login()[pri:0, instance:tests.TestActitimeLogin@7cbd213e]" name="login" duration-ms="18207" started-at="2020-08-22T10:19:37Z" finished-at="2020-08-22T10:19:55Z">
          <reporter-output>
          </reporter-output>
        </test-method> <!-- login -->
        <test-method status="PASS" signature="closeapp()[pri:0, instance:tests.TestActitimeLogin@7cbd213e]" name="closeapp" is-config="true" duration-ms="0" started-at="2020-08-22T10:19:55Z" finished-at="2020-08-22T10:19:55Z">
          <reporter-output>
          </reporter-output>
        </test-method> <!-- closeapp -->
      </class> <!-- tests.TestActitimeLogin -->
    </test> <!-- Test -->
  </suite> <!-- Suite -->
</testng-results>
